2024-08-25 02:09:50 DEBUG TestNG:82 - suiteXmlPath: "C:\Users\Lenovo\eclipse-workspace\Pawan_testNG\docker.xml"
2024-08-25 02:09:51 INFO  Utils:112 - [TestNG] Running:
  C:\Users\Lenovo\eclipse-workspace\Pawan_testNG\docker.xml

2024-08-25 02:10:00 INFO  AccountRegistration_TC001:23 - AccountRegistration Test Started.........
2024-08-25 02:10:00 INFO  AccountRegistration_TC001:26 - Clicked on My Account.........
2024-08-25 02:10:01 INFO  AccountRegistration_TC001:37 - Registeration Detailes Filled.........
2024-08-25 02:10:03 INFO  AccountRegistration_TC001:43 - clicked on Subit & Account created!!.........
2024-08-25 02:10:08 INFO  Logintest_TC002:17 - Login Test Started*********
2024-08-25 02:10:09 INFO  Logintest_TC002:24 - Putting Email & Pasword for login*****
2024-08-25 02:10:10 INFO  Logintest_TC002:30 - Login Successfully ***
2024-08-25 02:10:10 INFO  Logintest_TC002:43 - Login Test_002 ---- Complete*****
2024-08-25 02:11:28 DEBUG TestNG:82 - suiteXmlPath: "C:\Users\Lenovo\eclipse-workspace\Pawan_testNG\docker.xml"
2024-08-25 02:11:28 INFO  Utils:112 - [TestNG] Running:
  C:\Users\Lenovo\eclipse-workspace\Pawan_testNG\docker.xml

2024-08-25 02:11:36 INFO  AccountRegistration_TC001:23 - AccountRegistration Test Started.........
2024-08-25 02:11:36 INFO  AccountRegistration_TC001:26 - Clicked on My Account.........
2024-08-25 02:11:38 INFO  AccountRegistration_TC001:37 - Registeration Detailes Filled.........
2024-08-25 02:11:39 INFO  AccountRegistration_TC001:43 - clicked on Subit & Account created!!.........
2024-08-25 02:16:20 DEBUG TestNG:82 - suiteXmlPath: "C:\Users\Lenovo\eclipse-workspace\Pawan_testNG\docker.xml"
2024-08-25 02:16:20 INFO  Utils:112 - [TestNG] Running:
  C:\Users\Lenovo\eclipse-workspace\Pawan_testNG\docker.xml

2024-08-25 02:18:47 DEBUG TestNG:82 - suiteXmlPath: "C:\Users\Lenovo\eclipse-workspace\Pawan_testNG\docker.xml"
2024-08-25 02:18:47 INFO  Utils:112 - [TestNG] Running:
  C:\Users\Lenovo\eclipse-workspace\Pawan_testNG\docker.xml

2024-08-25 02:23:07 DEBUG TestNG:82 - suiteXmlPath: "C:\Users\Lenovo\eclipse-workspace\Pawan_testNG\docker.xml"
2024-08-25 02:24:32 DEBUG TestNG:82 - suiteXmlPath: "C:\Users\Lenovo\eclipse-workspace\Pawan_testNG\docker.xml"
2024-08-25 02:24:33 INFO  Utils:112 - [TestNG] Running:
  C:\Users\Lenovo\eclipse-workspace\Pawan_testNG\docker.xml

2024-08-25 02:24:41 INFO  AccountRegistration_TC001:23 - AccountRegistration Test Started.........
2024-08-25 02:24:41 INFO  AccountRegistration_TC001:26 - Clicked on My Account.........
2024-08-25 02:24:43 INFO  AccountRegistration_TC001:37 - Registeration Detailes Filled.........
2024-08-25 02:24:44 INFO  AccountRegistration_TC001:43 - clicked on Subit & Account created!!.........
2024-08-25 13:20:13 DEBUG TestNG:82 - suiteXmlPath: "C:\Users\Lenovo\eclipse-workspace\Pawan_testNG\master.xml"
2024-08-25 13:21:39 DEBUG TestNG:82 - suiteXmlPath: "C:\Users\Lenovo\eclipse-workspace\Pawan_testNG\master.xml"
2024-08-25 13:22:31 DEBUG TestNG:82 - suiteXmlPath: "C:\Users\Lenovo\eclipse-workspace\Pawan_testNG\master.xml"
2024-08-25 13:22:36 INFO  AccountRegistration_TC001:23 - AccountRegistration Test Started.........
2024-08-25 13:22:36 INFO  AccountRegistration_TC001:26 - Clicked on My Account.........
2024-08-25 13:22:38 INFO  AccountRegistration_TC001:37 - Registeration Detailes Filled.........
2024-08-25 13:22:39 INFO  AccountRegistration_TC001:43 - clicked on Subit & Account created!!.........
2024-08-25 13:22:43 INFO  Logintest_TC002:17 - Login Test Started*********
2024-08-25 13:22:43 INFO  Logintest_TC002:24 - Putting Email & Pasword for login*****
2024-08-25 13:22:44 INFO  Logintest_TC002:30 - Login Successfully ***
2024-08-25 13:22:44 INFO  Logintest_TC002:43 - Login Test_002 ---- Complete*****
2024-08-25 13:49:42 DEBUG TestNG:82 - suiteXmlPath: "C:\Users\Lenovo\eclipse-workspace\Pawan_testNG\master.xml"
2024-08-25 13:49:47 INFO  AccountRegistration_TC001:23 - AccountRegistration Test Started.........
2024-08-25 13:49:47 INFO  AccountRegistration_TC001:26 - Clicked on My Account.........
2024-08-25 13:49:48 INFO  AccountRegistration_TC001:37 - Registeration Detailes Filled.........
2024-08-25 13:49:49 INFO  AccountRegistration_TC001:43 - clicked on Subit & Account created!!.........
2024-08-25 13:49:53 INFO  Logintest_TC002:17 - Login Test Started*********
2024-08-25 13:49:53 INFO  Logintest_TC002:24 - Putting Email & Pasword for login*****
2024-08-25 13:49:55 INFO  Logintest_TC002:30 - Login Successfully ***
2024-08-25 13:49:55 INFO  Logintest_TC002:43 - Login Test_002 ---- Complete*****
